<?xml version="1.0" encoding="UTF-8"?>
<!-- Generated by org.testng.reporters.JUnitXMLReporter -->
<testsuite ignored="0" hostname="vicky" failures="1" tests="14" name="TurorialsNinja Test Cases" time="38.676" errors="0" timestamp="2023-06-02T13:52:54 IST">
  <testcase classname="com.tutorialsninja.qa.testcases.RegisterTest" name="verifyRegisteringAnAccountWithMandatoryFields" time="0.76"/>
  <testcase classname="com.tutorialsninja.qa.testcases.RegisterTest" name="verifyRegisteringAnAccountWithAllTheFields" time="0.772"/>
  <testcase classname="com.tutorialsninja.qa.testcases.RegisterTest" name="verifyRegisteringAccountWithExistingEmailAddress" time="0.621"/>
  <testcase classname="com.tutorialsninja.qa.testcases.RegisterTest" name="verifyRegisteringAnAccountWithoutAnyData" time="0.36"/>
  <testcase classname="com.tutorialsninja.qa.testcases.LoginTest" name="verifyLoginWithValidCredentials" time="0.452"/>
  <testcase classname="com.tutorialsninja.qa.testcases.LoginTest" name="verifyLoginWithValidCredentials" time="0.451"/>
  <testcase classname="com.tutorialsninja.qa.testcases.LoginTest" name="verifyLoginWithValidCredentials" time="0.484"/>
  <testcase classname="com.tutorialsninja.qa.testcases.LoginTest" name="verifyLoginWithInvalidCredentials" time="0.407"/>
  <testcase classname="com.tutorialsninja.qa.testcases.LoginTest" name="verifyLoginWithInvalidEmailAndValidPassword" time="0.424"/>
  <testcase classname="com.tutorialsninja.qa.testcases.LoginTest" name="verifyLoginWithValidEmailAndInvalidPassword" time="0.418"/>
  <testcase classname="com.tutorialsninja.qa.testcases.LoginTest" name="verifyLoginWithoutCredentials" time="0.345"/>
  <testcase classname="com.tutorialsninja.qa.testcases.SearchTest" name="verifySearchingWithValidProduct" time="0.348"/>
  <testcase classname="com.tutorialsninja.qa.testcases.SearchTest" name="verifySearchingWithInvalidProduct" time="0.404">
    <failure type="java.lang.AssertionError" message="No product in search results message is not displayed expected [There is no product that matches the search criteria] but found [There is no product that matches the search criteria.]">
      <![CDATA[java.lang.AssertionError: No product in search results message is not displayed expected [There is no product that matches the search criteria] but found [There is no product that matches the search criteria.]
at com.tutorialsninja.qa.testcases.SearchTest.verifySearchingWithInvalidProduct(SearchTest.java:32)
at java.base/java.util.ArrayList.forEach(ArrayList.java:1511)
... Removed 32 stack frames]]>
    </failure>
  </testcase> <!-- verifySearchingWithInvalidProduct -->
  <testcase classname="com.tutorialsninja.qa.testcases.SearchTest" name="verifySearchWithoutProvidingProduct" time="0.0">
    <skipped/>
  </testcase> <!-- verifySearchWithoutProvidingProduct -->
</testsuite> <!-- TurorialsNinja Test Cases -->
