<?xml version="1.0" encoding="UTF-8"?>
<!-- Generated by org.testng.reporters.JUnitXMLReporter -->
<testsuite ignored="6" hostname="vicky" failures="0" tests="1" name="Default test" time="4.094" errors="0" timestamp="2023-06-02T13:49:57 IST">
  <testcase classname="com.tutorialsninja.qa.testcases.RegisterTest" name="registerNew2" time="0.766"/>
  <testcase classname="com.tutorialsninja.qa.testcases.RegisterTest" name="verifyRegisteringAnAccountWithoutAnyData" time="0.0">
    <ignored/>
  </testcase> <!-- verifyRegisteringAnAccountWithoutAnyData -->
  <testcase classname="com.tutorialsninja.qa.testcases.RegisterTest" name="verifyRegisteringAccountWithExistingEmailAddress" time="0.0">
    <ignored/>
  </testcase> <!-- verifyRegisteringAccountWithExistingEmailAddress -->
  <testcase classname="com.tutorialsninja.qa.testcases.RegisterTest" name="registerNew1" time="0.0">
    <ignored/>
  </testcase> <!-- registerNew1 -->
  <testcase classname="com.tutorialsninja.qa.testcases.RegisterTest" name="verifyRegisteringAnAccountWithAllTheFields" time="0.0">
    <ignored/>
  </testcase> <!-- verifyRegisteringAnAccountWithAllTheFields -->
  <testcase classname="com.tutorialsninja.qa.testcases.RegisterTest" name="verifyRegisteringAnAccountWithMandatoryFields" time="0.0">
    <ignored/>
  </testcase> <!-- verifyRegisteringAnAccountWithMandatoryFields -->
  <testcase classname="com.tutorialsninja.qa.testcases.RegisterTest" name="registerNew" time="0.0">
    <ignored/>
  </testcase> <!-- registerNew -->
</testsuite> <!-- Default test -->
